[2024-06-01 00:00:29] INFO root fetch - main [MainThread]: Get Changelog since Serial: [23472847]
[2024-06-01 00:00:34] INFO root fetch - main [MainThread]: Found 3 changed packages
[2024-06-01 00:00:34] INFO root fetch - processPackages [ThreadPoolExecutor-0_0]: Start processing: pop-pricer
[2024-06-01 00:00:34] INFO root fetch - processPackages [ThreadPoolExecutor-0_1]: Start processing: myeia
[2024-06-01 00:00:34] INFO root fetch - processPackages [ThreadPoolExecutor-0_2]: Start processing: myfunctions-Adnan-IT
[2024-06-01 00:00:34] INFO root fetch - processPackages [pop-pricer]: New version: [0.1.3] Old Version: [0.1.2]
[2024-06-01 00:00:34] INFO root fetch - processPackages [myfunctions-Adnan-IT]: New version: [0.0.9] Old Version: [0.0.10]
[2024-06-01 00:00:35] INFO root fetch - processPackages [pop-pricer]: Downloading https://files.pythonhosted.org/packages/a4/ec/09285280e117cc3e0736143925c7573e1f2ed9a35876f9166545692624c7/pop_pricer-0.1.2.tar.gz
[2024-06-01 00:00:35] INFO root fetch - processPackages [myeia]: New version: [0.3.6] Old Version: [0.3.5]
[2024-06-01 00:00:35] INFO root fetch - processPackages [myfunctions-Adnan-IT]: Downloading https://files.pythonhosted.org/packages/ae/5a/1baa24ecf3c5c4c94c6fd44a7065800143de3c3aa2eddd3b1f850a521e6f/myfunctions_Adnan-IT-0.0.10.tar.gz
[2024-06-01 00:00:35] INFO root fetch - processPackages [myeia]: Downloading https://files.pythonhosted.org/packages/d3/4f/3c9d067312dc638a45c04cc0e36fae8a8aab4b87e7d99d4241527435b2cc/myeia-0.3.5.tar.gz
[2024-06-01 00:00:35] INFO root fetch - processPackages [pop-pricer]: Downloading https://files.pythonhosted.org/packages/ac/c1/1c2f57167eaa61238ded8380c3b4e8719890713de01eaecc5f51b283a976/pop_pricer-0.1.3.tar.gz
[2024-06-01 00:00:35] INFO root fetch - processPackages [myfunctions-Adnan-IT]: Downloading https://files.pythonhosted.org/packages/32/b8/f8735a221c2a69ec9d07a8ece39bf93c2fee75cb66b427cc15cc4dcb919d/myfunctions_Adnan-IT-0.0.9.tar.gz
[2024-06-01 00:00:35] INFO root fetch - processPackages [pop-pricer]: executing diffoscope
[2024-06-01 00:00:35] INFO root fetch - processPackages [pop-pricer]: podman run --user 0:0 --rm -w /home/abi/fetcher -v /home/abi/fetcher/tmp:/home/abi/fetcher/tmp:ro -v /home/abi/fetcher/20240601:/home/abi/fetcher/20240601:rw registry.salsa.debian.org/reproducible-builds/diffoscope --no-progress tmp/pop_pricer-0.1.2.tar.gz tmp/pop_pricer-0.1.3.tar.gz --markdown 20240601/p/pop-pricer/0.1.2-0.1.3/README.md --exclude *.pyd
[2024-06-01 00:00:35] INFO root fetch - processPackages [myfunctions-Adnan-IT]: executing diffoscope
[2024-06-01 00:00:35] INFO root fetch - processPackages [myfunctions-Adnan-IT]: podman run --user 0:0 --rm -w /home/abi/fetcher -v /home/abi/fetcher/tmp:/home/abi/fetcher/tmp:ro -v /home/abi/fetcher/20240601:/home/abi/fetcher/20240601:rw registry.salsa.debian.org/reproducible-builds/diffoscope --no-progress tmp/myfunctions_Adnan-IT-0.0.10.tar.gz tmp/myfunctions_Adnan-IT-0.0.9.tar.gz --markdown 20240601/m/myfunctions-Adnan-IT/0.0.10-0.0.9/README.md --exclude *.pyd
[2024-06-01 00:00:35] INFO root fetch - processPackages [myeia]: Downloading https://files.pythonhosted.org/packages/25/0e/fdb123b5601778ebb41afe277571b5145ddda5c1e0e7452e0db33a6d6608/myeia-0.3.6.tar.gz
[2024-06-01 00:00:35] INFO root fetch - processPackages [myeia]: executing diffoscope
[2024-06-01 00:00:35] INFO root fetch - processPackages [myeia]: podman run --user 0:0 --rm -w /home/abi/fetcher -v /home/abi/fetcher/tmp:/home/abi/fetcher/tmp:ro -v /home/abi/fetcher/20240601:/home/abi/fetcher/20240601:rw registry.salsa.debian.org/reproducible-builds/diffoscope --no-progress tmp/myeia-0.3.5.tar.gz tmp/myeia-0.3.6.tar.gz --markdown 20240601/m/myeia/0.3.5-0.3.6/README.md --exclude *.pyd
[2024-06-01 00:00:35] INFO root fetch - processPackages [myfunctions-Adnan-IT]: Remove: archive file [/home/abi/fetcher/tmp/myfunctions_Adnan-IT-0.0.10.tar.gz]
[2024-06-01 00:00:35] INFO root fetch - processPackages [myfunctions-Adnan-IT]: Remove: archive file [/home/abi/fetcher/tmp/myfunctions_Adnan-IT-0.0.9.tar.gz]
[2024-06-01 00:00:35] INFO root fetch - main [MainThread]: End processing [myfunctions-Adnan-IT]: success
[2024-06-01 00:00:36] INFO root fetch - processPackages [pop-pricer]: Remove: archive file [/home/abi/fetcher/tmp/pop_pricer-0.1.2.tar.gz]
[2024-06-01 00:00:36] INFO root fetch - processPackages [pop-pricer]: Remove: archive file [/home/abi/fetcher/tmp/pop_pricer-0.1.3.tar.gz]
[2024-06-01 00:00:36] INFO root fetch - main [MainThread]: End processing [pop-pricer]: success
[2024-06-01 00:00:36] INFO root fetch - processPackages [myeia]: Remove: archive file [/home/abi/fetcher/tmp/myeia-0.3.5.tar.gz]
[2024-06-01 00:00:36] INFO root fetch - processPackages [myeia]: Remove: archive file [/home/abi/fetcher/tmp/myeia-0.3.6.tar.gz]
[2024-06-01 00:00:36] INFO root fetch - main [MainThread]: End processing [myeia]: success
[2024-06-01 00:00:36] INFO root fetch - main [MainThread]: Store serial: [23472856]
[2024-06-01 00:02:39] INFO root fetch - main [MainThread]: Get Changelog since Serial: [23472856]
[2024-06-01 00:02:44] INFO root fetch - main [MainThread]: Found 3 changed packages
[2024-06-01 00:02:44] INFO root fetch - processPackages [ThreadPoolExecutor-0_0]: Start processing: jsonparse
[2024-06-01 00:02:44] INFO root fetch - processPackages [ThreadPoolExecutor-0_1]: Start processing: PQAnalysis
[2024-06-01 00:02:44] INFO root fetch - processPackages [ThreadPoolExecutor-0_2]: Start processing: hierarchical-state-machine
[2024-06-01 00:02:44] WARNING root fetch - processPackages [hierarchical-state-machine]: Skipping, unable to determine old version
[2024-06-01 00:02:44] INFO root fetch - main [MainThread]: End processing [hierarchical-state-machine] error
[2024-06-01 00:02:44] INFO root fetch - processPackages [PQAnalysis]: New version: [1.0.8.1] Old Version: [1.0.7]
[2024-06-01 00:02:44] INFO root fetch - processPackages [PQAnalysis]: Downloading https://files.pythonhosted.org/packages/dc/28/c84f06796d506987ea6b94439f987db1c0fb2bcff8d2b3bdba0064929b46/pqanalysis-1.0.7.tar.gz
[2024-06-01 00:02:44] INFO root fetch - processPackages [jsonparse]: New version: [0.9.1] Old Version: [0.9.0]
[2024-06-01 00:02:45] INFO root fetch - processPackages [jsonparse]: Downloading https://files.pythonhosted.org/packages/32/21/0ce9f17b547b81f37350fab887ff5a67b08c110e50fd9a8070d1e909b8d8/jsonparse-0.9.0.tar.gz
[2024-06-01 00:02:45] INFO root fetch - processPackages [PQAnalysis]: Downloading https://files.pythonhosted.org/packages/83/2f/4ccd1518d7be2929aebe1ed681017d830a629896a187b19e7e65f816acb1/pqanalysis-1.0.8.1.tar.gz
[2024-06-01 00:02:45] INFO root fetch - processPackages [jsonparse]: Downloading https://files.pythonhosted.org/packages/06/d1/58fc4e2fb027a86e5c593e012066f45d4c37175851f669af3f1541874fd6/jsonparse-0.9.1.tar.gz
[2024-06-01 00:02:45] INFO root fetch - processPackages [jsonparse]: executing diffoscope
[2024-06-01 00:02:45] INFO root fetch - processPackages [jsonparse]: podman run --user 0:0 --rm -w /home/abi/fetcher -v /home/abi/fetcher/tmp:/home/abi/fetcher/tmp:ro -v /home/abi/fetcher/20240601:/home/abi/fetcher/20240601:rw registry.salsa.debian.org/reproducible-builds/diffoscope --no-progress tmp/jsonparse-0.9.0.tar.gz tmp/jsonparse-0.9.1.tar.gz --markdown 20240601/j/jsonparse/0.9.0-0.9.1/README.md --exclude *.pyd
[2024-06-01 00:02:45] INFO root fetch - processPackages [PQAnalysis]: executing diffoscope
[2024-06-01 00:02:45] INFO root fetch - processPackages [PQAnalysis]: podman run --user 0:0 --rm -w /home/abi/fetcher -v /home/abi/fetcher/tmp:/home/abi/fetcher/tmp:ro -v /home/abi/fetcher/20240601:/home/abi/fetcher/20240601:rw registry.salsa.debian.org/reproducible-builds/diffoscope --no-progress tmp/pqanalysis-1.0.7.tar.gz tmp/pqanalysis-1.0.8.1.tar.gz --markdown 20240601/P/PQAnalysis/1.0.7-1.0.8.1/README.md --exclude *.pyd
[2024-06-01 00:02:46] INFO root fetch - processPackages [jsonparse]: Remove: archive file [/home/abi/fetcher/tmp/jsonparse-0.9.0.tar.gz]
[2024-06-01 00:02:46] INFO root fetch - processPackages [jsonparse]: Remove: archive file [/home/abi/fetcher/tmp/jsonparse-0.9.1.tar.gz]
[2024-06-01 00:02:46] INFO root fetch - main [MainThread]: End processing [jsonparse]: success
[2024-06-01 00:02:47] INFO root fetch - processPackages [PQAnalysis]: Remove: archive file [/home/abi/fetcher/tmp/pqanalysis-1.0.7.tar.gz]
[2024-06-01 00:02:47] INFO root fetch - processPackages [PQAnalysis]: Remove: archive file [/home/abi/fetcher/tmp/pqanalysis-1.0.8.1.tar.gz]
[2024-06-01 00:02:47] INFO root fetch - main [MainThread]: End processing [PQAnalysis]: success
[2024-06-01 00:02:47] INFO root fetch - main [MainThread]: Store serial: [23472864]
[2024-06-01 00:04:50] INFO root fetch - main [MainThread]: Get Changelog since Serial: [23472864]
[2024-06-01 00:04:55] INFO root fetch - main [MainThread]: Found 5 changed packages
[2024-06-01 00:04:55] INFO root fetch - processPackages [ThreadPoolExecutor-0_0]: Start processing: lusid-workflow-sdk-preview
[2024-06-01 00:04:55] INFO root fetch - processPackages [ThreadPoolExecutor-0_1]: Start processing: Model-Trainer
[2024-06-01 00:04:55] INFO root fetch - processPackages [ThreadPoolExecutor-0_2]: Start processing: shifts
[2024-06-01 00:04:55] INFO root fetch - processPackages [ThreadPoolExecutor-0_3]: Start processing: lusid-workflow-sdk
[2024-06-01 00:04:55] INFO root fetch - processPackages [ThreadPoolExecutor-0_4]: Start processing: display-colors
[2024-06-01 00:04:55] INFO root fetch - processPackages [lusid-workflow-sdk]: New version: [2.1.9] Old Version: [2.1.8]
[2024-06-01 00:04:55] INFO root fetch - processPackages [lusid-workflow-sdk-preview]: New version: [0.1.996] Old Version: [0.1.995]
[2024-06-01 00:04:56] WARNING root fetch - processPackages [Model-Trainer]: Skipping, unable to determine old version
[2024-06-01 00:04:56] INFO root fetch - main [MainThread]: End processing [Model-Trainer] error
[2024-06-01 00:04:56] WARNING root fetch - processPackages [shifts]: Skipping, unable to determine old version
[2024-06-01 00:04:56] INFO root fetch - main [MainThread]: End processing [shifts] error
[2024-06-01 00:04:56] INFO root fetch - processPackages [display-colors]: New version: [1.0.4] Old Version: [1.0.3]
[2024-06-01 00:04:56] INFO root fetch - processPackages [lusid-workflow-sdk-preview]: Downloading https://files.pythonhosted.org/packages/56/ac/c34b1b8edd4a745ceacc5a310a38b3dcca685fe17507cacc1cd57db81fdd/lusid-workflow-sdk-preview-0.1.995.tar.gz
[2024-06-01 00:04:56] INFO root fetch - processPackages [lusid-workflow-sdk]: Downloading https://files.pythonhosted.org/packages/d5/b7/0c32c08fe0b3327878c0d7b7006b46298b3dca469a326a75a439bfd0f0f1/lusid_workflow_sdk-2.1.8.tar.gz
[2024-06-01 00:04:56] INFO root fetch - processPackages [display-colors]: Downloading https://files.pythonhosted.org/packages/d5/66/895fef822202391993eeb2b94ec4b60eaaf856906bd8127a35239a82efbe/display_colors-1.0.3.tar.gz
[2024-06-01 00:04:56] INFO root fetch - processPackages [lusid-workflow-sdk]: Downloading https://files.pythonhosted.org/packages/23/c0/5f5908f038983f29f46a445ed5ff331d6086d5c6cb128e4502bf223fd90b/lusid_workflow_sdk-2.1.9.tar.gz
[2024-06-01 00:04:56] INFO root fetch - processPackages [lusid-workflow-sdk-preview]: Downloading https://files.pythonhosted.org/packages/ad/65/93d0e7790f005c1bba7ae75a47e2b35b3d8a514713f549fccca0619a2df9/lusid-workflow-sdk-preview-0.1.996.tar.gz
[2024-06-01 00:04:56] INFO root fetch - processPackages [lusid-workflow-sdk]: executing diffoscope
[2024-06-01 00:04:56] INFO root fetch - processPackages [lusid-workflow-sdk]: podman run --user 0:0 --rm -w /home/abi/fetcher -v /home/abi/fetcher/tmp:/home/abi/fetcher/tmp:ro -v /home/abi/fetcher/20240601:/home/abi/fetcher/20240601:rw registry.salsa.debian.org/reproducible-builds/diffoscope --no-progress tmp/lusid_workflow_sdk-2.1.8.tar.gz tmp/lusid_workflow_sdk-2.1.9.tar.gz --markdown 20240601/l/lusid-workflow-sdk/2.1.8-2.1.9/README.md --exclude *.pyd
[2024-06-01 00:04:56] INFO root fetch - processPackages [lusid-workflow-sdk-preview]: executing diffoscope
[2024-06-01 00:04:56] INFO root fetch - processPackages [lusid-workflow-sdk-preview]: podman run --user 0:0 --rm -w /home/abi/fetcher -v /home/abi/fetcher/tmp:/home/abi/fetcher/tmp:ro -v /home/abi/fetcher/20240601:/home/abi/fetcher/20240601:rw registry.salsa.debian.org/reproducible-builds/diffoscope --no-progress tmp/lusid-workflow-sdk-preview-0.1.995.tar.gz tmp/lusid-workflow-sdk-preview-0.1.996.tar.gz --markdown 20240601/l/lusid-workflow-sdk-preview/0.1.995-0.1.996/README.md --exclude *.pyd
[2024-06-01 00:04:56] INFO root fetch - processPackages [display-colors]: Downloading https://files.pythonhosted.org/packages/1a/72/054f87ee6259fbb182f1a961d13e23543a67cb9004e1473e1b6cacdc976a/display_colors-1.0.4.tar.gz
[2024-06-01 00:04:56] INFO root fetch - processPackages [display-colors]: executing diffoscope
[2024-06-01 00:04:56] INFO root fetch - processPackages [display-colors]: podman run --user 0:0 --rm -w /home/abi/fetcher -v /home/abi/fetcher/tmp:/home/abi/fetcher/tmp:ro -v /home/abi/fetcher/20240601:/home/abi/fetcher/20240601:rw registry.salsa.debian.org/reproducible-builds/diffoscope --no-progress tmp/display_colors-1.0.3.tar.gz tmp/display_colors-1.0.4.tar.gz --markdown 20240601/d/display-colors/1.0.3-1.0.4/README.md --exclude *.pyd
[2024-06-01 00:04:57] INFO root fetch - processPackages [lusid-workflow-sdk]: Remove: archive file [/home/abi/fetcher/tmp/lusid_workflow_sdk-2.1.8.tar.gz]
[2024-06-01 00:04:57] INFO root fetch - processPackages [lusid-workflow-sdk]: Remove: archive file [/home/abi/fetcher/tmp/lusid_workflow_sdk-2.1.9.tar.gz]
[2024-06-01 00:04:57] INFO root fetch - main [MainThread]: End processing [lusid-workflow-sdk]: success
[2024-06-01 00:04:57] INFO root fetch - processPackages [display-colors]: Remove: archive file [/home/abi/fetcher/tmp/display_colors-1.0.3.tar.gz]
[2024-06-01 00:04:57] INFO root fetch - processPackages [display-colors]: Remove: archive file [/home/abi/fetcher/tmp/display_colors-1.0.4.tar.gz]
[2024-06-01 00:04:57] INFO root fetch - main [MainThread]: End processing [display-colors]: success
[2024-06-01 00:04:57] INFO root fetch - processPackages [lusid-workflow-sdk-preview]: Remove: archive file [/home/abi/fetcher/tmp/lusid-workflow-sdk-preview-0.1.995.tar.gz]
[2024-06-01 00:04:57] INFO root fetch - processPackages [lusid-workflow-sdk-preview]: Remove: archive file [/home/abi/fetcher/tmp/lusid-workflow-sdk-preview-0.1.996.tar.gz]
[2024-06-01 00:04:57] INFO root fetch - main [MainThread]: End processing [lusid-workflow-sdk-preview]: success
[2024-06-01 00:04:57] INFO root fetch - main [MainThread]: Store serial: [23472885]
